<?xml version="1.0" encoding="UTF-8"?>
<!-- Generated by org.testng.reporters.JUnitReportReporter -->
<testsuite hostname="LAPTOP-MUNDMCAQ" failures="0" tests="3" name="tests.LoginTest" time="2.766" errors="0" timestamp="2025-05-20T14:05:00 IST" skipped="0">
  <testcase classname="tests.LoginTest" name="testInvalidUser" time="0.171"/>
  <testcase classname="tests.LoginTest" name="testInvalidPassword" time="1.245"/>
  <testcase classname="tests.LoginTest" name="testLoginSuccess" time="1.350"/>
</testsuite> <!-- tests.LoginTest -->
